Mplus VERSION 8.8
MUTHEN & MUTHEN
01/20/2023   5:43 PM

INPUT INSTRUCTIONS

  TITLE:
  2-Class
  DATA:
  FILE = "C:/Users/Dina Arch/Box/TA - ED 201/Labs/ucsb-mixture-lab3/enum_mplus/cheat_Lab3.da

  VARIABLE:
  NAMES = lieexam liepaper fraud copyexam;
   MISSING=.;
   categorical = lieexam-copyexam;
  usevar = lieexam-copyexam;
  classes = c(2);
  ANALYSIS:
  estimator = mlr;
      type = mixture;
      stseed = 5212020;
      starts = 200 100;
      processors = 10;
  OUTPUT:
  sampstat residual tech11 tech14;
  PLOT:
  type = plot3;
      series = lieexam-copyexam(*);



*** WARNING
  Input line exceeded 90 characters. Some input may be truncated.
  FILE = "C:/Users/Dina Arch/Box/TA - ED 201/Labs/ucsb-mixture-lab3/enum_mplus/cheat_Lab3.dat
*** WARNING in DATA command
  Statement not terminated by a semicolon:
  FILE = "C:/Users/Dina Arch/Box/TA - ED 201/Labs/ucsb-mixture-lab3/enum_mplus/cheat_Lab3.dat
*** WARNING in DATA command
  Mismatched quotation in FILE option.  A quotation mark will be assumed at
  the end of the line.
*** WARNING in OUTPUT command
  SAMPSTAT option is not available when all outcomes are censored, ordered
  categorical, unordered categorical (nominal), count or continuous-time
  survival variables.  Request for SAMPSTAT is ignored.
   4 WARNING(S) FOUND IN THE INPUT INSTRUCTIONS




2-Class

SUMMARY OF ANALYSIS

Number of groups                                                 1
Number of observations                                         319

Number of dependent variables                                    4
Number of independent variables                                  0
Number of continuous latent variables                            0
Number of categorical latent variables                           1

Observed dependent variables

  Binary and ordered categorical (ordinal)
   LIEEXAM     LIEPAPER    FRAUD       COPYEXAM

Categorical latent variables
   C


Estimator                                                      MLR
Information matrix                                        OBSERVED
Optimization Specifications for the Quasi-Newton Algorithm for
Continuous Outcomes
  Maximum number of iterations                                 100
  Convergence criterion                                  0.100D-05
Optimization Specifications for the EM Algorithm
  Maximum number of iterations                                 500
  Convergence criteria
    Loglikelihood change                                 0.100D-06
    Relative loglikelihood change                        0.100D-06
    Derivative                                           0.100D-05
Optimization Specifications for the M step of the EM Algorithm for
Categorical Latent variables
  Number of M step iterations                                    1
  M step convergence criterion                           0.100D-05
  Basis for M step termination                           ITERATION
Optimization Specifications for the M step of the EM Algorithm for
Censored, Binary or Ordered Categorical (Ordinal), Unordered
Categorical (Nominal) and Count Outcomes
  Number of M step iterations                                    1
  M step convergence criterion                           0.100D-05
  Basis for M step termination                           ITERATION
  Maximum value for logit thresholds                            15
  Minimum value for logit thresholds                           -15
  Minimum expected cell size for chi-square              0.100D-01
Maximum number of iterations for H1                           2000
Convergence criterion for H1                             0.100D-03
Optimization algorithm                                         EMA
Random Starts Specifications
  Number of initial stage random starts                        200
  Number of final stage optimizations                          100
  Number of initial stage iterations                            10
  Initial stage convergence criterion                    0.100D+01
  Random starts scale                                    0.500D+01
  Random seed for generating random starts                 5212020
Link                                                         LOGIT

Input data file(s)
  C:/Users/Dina Arch/Box/TA - ED 201/Labs/ucsb-mixture-lab3/enum_mplus/cheat_Lab
Input data format  FREE


SUMMARY OF DATA

     Number of missing data patterns             1
     Number of y missing data patterns           0
     Number of u missing data patterns           1


COVARIANCE COVERAGE OF DATA

Minimum covariance coverage value   0.100


UNIVARIATE PROPORTIONS AND COUNTS FOR CATEGORICAL VARIABLES

    LIEEXAM
      Category 1    0.893          285.000
      Category 2    0.107           34.000
    LIEPAPER
      Category 1    0.881          281.000
      Category 2    0.119           38.000
    FRAUD
      Category 1    0.934          298.000
      Category 2    0.066           21.000
    COPYEXAM
      Category 1    0.787          251.000
      Category 2    0.213           68.000


RANDOM STARTS RESULTS RANKED FROM THE BEST TO THE WORST LOGLIKELIHOOD VALUES

Final stage loglikelihood values at local maxima, seeds, and initial stage start numbers:

            -440.027  879810           164
            -440.027  944197           198
            -440.027  121924           100
            -440.027  154877           9
            -440.027  78288            151
            -440.027  387821           13
            -440.027  245639           75
            -440.027  441167           18
            -440.027  737567           93
            -440.027  990072           70
            -440.027  28330            64
            -440.027  936962           66
            -440.027  316783           169
            -440.027  349069           138
            -440.027  853452           158
            -440.027  355607           34
            -440.027  249078           171
            -440.027  168754           92
            -440.027  861614           42
            -440.027  484382           48
            -440.027  74454            6
            -440.027  416525           105
            -440.027  158112           137
            -440.027  773851           90
            -440.027  603587           157
            -440.027  849215           155
            -440.027  112301           127
            -440.027  46912            12
            -440.027  518341           126
            -440.027  350267           43
            -440.027  240130           109
            -440.027  143763           132
            -440.027  490796           23
            -440.027  969423           165
            -440.027  800364           130
            -440.027  192475           179
            -440.027  434647           55
            -440.027  842290           3
            -440.027  957894           174
            -440.027  672775           195
            -440.027  319454           38
            -440.027  8425             84
            -440.027  218371           145
            -440.027  9098             107
            -440.027  175658           189
            -440.027  199881           37
            -440.027  859802           44
            -440.027  123956           119
            -440.027  355486           88
            -440.027  70100            45
            -440.027  24057            51
            -440.027  69535            180
            -440.027  34292            150
            -440.027  70165            87
            -440.027  785219           194
            -440.027  312878           10
            -440.027  869494           106
            -440.027  614072           115
            -440.027  230746           56
            -440.027  441037           122
            -440.027  850779           97
            -440.027  299174           116
            -440.027  366023           102
            -440.027  157123           170
            -440.027  702542           156
            -440.027  404908           33
            -440.027  244138           81
            -440.027  774269           20
            -440.027  908542           32
            -440.027  56255            152
            -440.027  788113           129
            -440.027  245309           125
            -440.027  743005           78
            -440.027  641378           190
            -440.027  278930           4
            -440.027  664114           31
            -440.027  535046           143
            -440.027  989014           113
            -440.027  121445           131
            -440.027  551464           40
            -440.027  349272           16
            -440.027  600292           197
            -440.027  702322           67
            -440.027  959724           187
            -440.027  729426           80
            -440.027  963682           29
            -440.027  314848           46
            -440.027  56178            149
            -440.027  292809           199
            -440.027  232280           166
            -440.027  30501            82
            -440.027  756230           22
            -440.027  327559           53
            -440.027  436024           191
            -440.027  89925            178

5 perturbed starting value run(s) did not converge or were rejected in the third stage.



THE BEST LOGLIKELIHOOD VALUE HAS BEEN REPLICATED.  RERUN WITH AT LEAST TWICE THE
RANDOM STARTS TO CHECK THAT THE BEST LOGLIKELIHOOD IS STILL OBTAINED AND REPLICATED.


THE MODEL ESTIMATION TERMINATED NORMALLY



MODEL FIT INFORMATION

Number of Free Parameters                        9

Loglikelihood

          H0 Value                        -440.027
          H0 Scaling Correction Factor      1.0113
            for MLR

Information Criteria

          Akaike (AIC)                     898.054
          Bayesian (BIC)                   931.941
          Sample-Size Adjusted BIC         903.395
            (n* = (n + 2) / 24)

Chi-Square Test of Model Fit for the Binary and Ordered Categorical
(Ordinal) Outcomes

          Pearson Chi-Square

          Value                              8.323
          Degrees of Freedom                     6
          P-Value                           0.2154

          Likelihood Ratio Chi-Square

          Value                              7.764
          Degrees of Freedom                     6
          P-Value                           0.2559



FINAL CLASS COUNTS AND PROPORTIONS FOR THE LATENT CLASSES
BASED ON THE ESTIMATED MODEL

    Latent
   Classes

       1         51.22073          0.16057
       2        267.77927          0.83943


FINAL CLASS COUNTS AND PROPORTIONS FOR THE LATENT CLASSES
BASED ON ESTIMATED POSTERIOR PROBABILITIES

    Latent
   Classes

       1         51.22073          0.16057
       2        267.77927          0.83943


FINAL CLASS COUNTS AND PROPORTIONS FOR THE LATENT CLASSES
BASED ON THEIR MOST LIKELY LATENT CLASS MEMBERSHIP

Class Counts and Proportions

    Latent
   Classes

       1               54          0.16928
       2              265          0.83072


CLASSIFICATION QUALITY

     Entropy                         0.737


Average Latent Class Probabilities for Most Likely Latent Class Membership (Row)
by Latent Class (Column)

           1        2

    1   0.775    0.225
    2   0.035    0.965


Classification Probabilities for the Most Likely Latent Class Membership (Column)
by Latent Class (Row)

           1        2

    1   0.818    0.182
    2   0.045    0.955


Logits for the Classification Probabilities for the Most Likely Latent Class Membership (Column)
by Latent Class (Row)

              1        2

    1      1.500    0.000
    2     -3.049    0.000


MODEL RESULTS

                                                    Two-Tailed
                    Estimate       S.E.  Est./S.E.    P-Value

Latent Class 1

 Thresholds
    LIEEXAM$1         -0.310      0.713     -0.435      0.664
    LIEPAPER$1        -0.360      0.696     -0.518      0.605
    FRAUD$1            1.289      0.531      2.425      0.015
    COPYEXAM$1         0.505      0.465      1.085      0.278

Latent Class 2

 Thresholds
    LIEEXAM$1          4.081      1.738      2.347      0.019
    LIEPAPER$1         3.503      1.058      3.311      0.001
    FRAUD$1            3.256      0.433      7.514      0.000
    COPYEXAM$1         1.503      0.179      8.416      0.000

Categorical Latent Variables

 Means
    C#1               -1.654      0.565     -2.926      0.003


QUALITY OF NUMERICAL RESULTS

     Condition Number for the Information Matrix              0.607E-02
       (ratio of smallest to largest eigenvalue)


RESULTS IN PROBABILITY SCALE

                                                    Two-Tailed
                    Estimate       S.E.  Est./S.E.    P-Value

Latent Class 1

 LIEEXAM
    Category 1         0.423      0.174      2.431      0.015
    Category 2         0.577      0.174      3.315      0.001
 LIEPAPER
    Category 1         0.411      0.168      2.441      0.015
    Category 2         0.589      0.168      3.499      0.000
 FRAUD
    Category 1         0.784      0.090      8.709      0.000
    Category 2         0.216      0.090      2.400      0.016
 COPYEXAM
    Category 1         0.624      0.109      5.710      0.000
    Category 2         0.376      0.109      3.446      0.001

Latent Class 2

 LIEEXAM
    Category 1         0.983      0.028     34.624      0.000
    Category 2         0.017      0.028      0.585      0.559
 LIEPAPER
    Category 1         0.971      0.030     32.341      0.000
    Category 2         0.029      0.030      0.974      0.330
 FRAUD
    Category 1         0.963      0.015     62.196      0.000
    Category 2         0.037      0.015      2.396      0.017
 COPYEXAM
    Category 1         0.818      0.027     30.769      0.000
    Category 2         0.182      0.027      6.844      0.000


LATENT CLASS INDICATOR ODDS RATIOS FOR THE LATENT CLASSES

                                                95% C.I.
                    Estimate       S.E.  Lower 2.5% Upper 2.5%

Latent Class 1 Compared to Latent Class 2

 LIEEXAM
    Category > 1      80.717    130.684      3.379   1928.076
 LIEPAPER
    Category > 1      47.616     49.118      6.305    359.598
 FRAUD
    Category > 1       7.153      5.068      1.784     28.677
 COPYEXAM
    Category > 1       2.713      1.403      0.985      7.476


RESIDUAL OUTPUT


     RESIDUAL OUTPUT IS NOT AVAILABLE FOR THIS MODEL.  ADDITIONAL OUTPUT FOR
     CATEGORICAL, COUNT, AND NOMINAL VARIABLES MAY BE AVAILABLE USING TECH10.


TECHNICAL 11 OUTPUT

     Random Starts Specifications for the k-1 Class Analysis Model
        Number of initial stage random starts                 200
        Number of final stage optimizations                   100



     VUONG-LO-MENDELL-RUBIN LIKELIHOOD RATIO TEST FOR 1 (H0) VERSUS 2 CLASSES

          H0 Loglikelihood Value                         -467.438
          2 Times the Loglikelihood Difference             54.822
          Difference in the Number of Parameters                5
          Mean                                              5.308
          Standard Deviation                                5.063
          P-Value                                          0.0000

     LO-MENDELL-RUBIN ADJUSTED LRT TEST

          Value                                            52.984
          P-Value                                          0.0000


TECHNICAL 14 OUTPUT

     Random Starts Specifications for the k-1 Class Analysis Model
        Number of initial stage random starts                 200
        Number of final stage optimizations                   100

     Random Starts Specification for the k-1 Class Model for Generated Data
        Number of initial stage random starts                   0
        Number of final stage optimizations for the
           initial stage random starts                          0
     Random Starts Specification for the k Class Model for Generated Data
        Number of initial stage random starts                  40
        Number of final stage optimizations                     8
     Number of bootstrap draws requested                   Varies


     PARAMETRIC BOOTSTRAPPED LIKELIHOOD RATIO TEST FOR 1 (H0) VERSUS 2 CLASSES

          H0 Loglikelihood Value                         -467.438
          2 Times the Loglikelihood Difference             54.822
          Difference in the Number of Parameters                5
          Approximate P-Value                              0.0000
          Successful Bootstrap Draws                           10


PLOT INFORMATION

The following plots are available:

  Histograms (sample values)
  Scatterplots (sample values)
  Sample proportions and estimated probabilities

     Beginning Time:  17:43:35
        Ending Time:  17:43:42
       Elapsed Time:  00:00:07



MUTHEN & MUTHEN
3463 Stoner Ave.
Los Angeles, CA  90066

Tel: (310) 391-9971
Fax: (310) 391-8971
Web: www.StatModel.com
Support: Support@StatModel.com

Copyright (c) 1998-2022 Muthen & Muthen
