Mplus VERSION 8.8
MUTHEN & MUTHEN
01/27/2023   7:43 PM

INPUT INSTRUCTIONS

  TITLE:
  C2 LCA - Calculated k-Class 95% CI
  DATA:
  FILE = "C:/Users/Dina Arch/Box/TA - ED 201/Labs/ucsb-mixture-lab4/mplus_enum/cheat.dat";

  VARIABLE:
  NAMES = lieexam liepaper fraud copyexam;
   MISSING=.;
   categorical = lieexam-copyexam;
     usevar =  lieexam-copyexam;
     classes = c(2);
  ANALYSIS:
  estimator = ml;
      type = mixture;
      starts = 200 100;
      processors = 10;
      stseed = 5212020;
      bootstrap = 1000;
  MODEL:
  %OVERALL%
       [C#1](c1);

    Model Constraint:
    New(p1 p2);

    p1 = exp(c1)/(1+exp(c1));
    p2 = 1/(1+exp(c1));
  OUTPUT:
  sampstat tech11 tech14 cinterval(bcbootstrap)



*** WARNING in OUTPUT command
  SAMPSTAT option is not available when all outcomes are censored, ordered
  categorical, unordered categorical (nominal), count or continuous-time
  survival variables.  Request for SAMPSTAT is ignored.
*** WARNING in OUTPUT command
  TECH11 option is available only for estimator MLR.
  Request for TECH11 is ignored.
*** WARNING in OUTPUT command
  TECH14 option is not available with the BOOTSTRAP option.
  Request for TECH14 is ignored.
   3 WARNING(S) FOUND IN THE INPUT INSTRUCTIONS




C2 LCA - Calculated k-Class 95% CI

SUMMARY OF ANALYSIS

Number of groups                                                 1
Number of observations                                         319

Number of dependent variables                                    4
Number of independent variables                                  0
Number of continuous latent variables                            0
Number of categorical latent variables                           1

Observed dependent variables

  Binary and ordered categorical (ordinal)
   LIEEXAM     LIEPAPER    FRAUD       COPYEXAM

Categorical latent variables
   C


Estimator                                                       ML
Information matrix                                        OBSERVED
Optimization Specifications for the Quasi-Newton Algorithm for
Continuous Outcomes
  Maximum number of iterations                                 100
  Convergence criterion                                  0.100D-05
Optimization Specifications for the EM Algorithm
  Maximum number of iterations                                 500
  Convergence criteria
    Loglikelihood change                                 0.100D-06
    Relative loglikelihood change                        0.100D-06
    Derivative                                           0.100D-05
Optimization Specifications for the M step of the EM Algorithm for
Categorical Latent variables
  Number of M step iterations                                    1
  M step convergence criterion                           0.100D-05
  Basis for M step termination                           ITERATION
Optimization Specifications for the M step of the EM Algorithm for
Censored, Binary or Ordered Categorical (Ordinal), Unordered
Categorical (Nominal) and Count Outcomes
  Number of M step iterations                                    1
  M step convergence criterion                           0.100D-05
  Basis for M step termination                           ITERATION
  Maximum value for logit thresholds                            15
  Minimum value for logit thresholds                           -15
  Minimum expected cell size for chi-square              0.100D-01
Maximum number of iterations for H1                           2000
Convergence criterion for H1                             0.100D-03
Number of bootstrap draws
    Requested                                                 1000
    Completed                                                 1000
Optimization algorithm                                         EMA
Random Starts Specifications
  Number of initial stage random starts                        200
  Number of final stage optimizations                          100
  Number of initial stage iterations                            10
  Initial stage convergence criterion                    0.100D+01
  Random starts scale                                    0.500D+01
  Random seed for generating random starts                 5212020
Link                                                         LOGIT

Input data file(s)
  C:/Users/Dina Arch/Box/TA - ED 201/Labs/ucsb-mixture-lab4/mplus_enum/cheat.dat
Input data format  FREE


SUMMARY OF DATA

     Number of missing data patterns             1
     Number of y missing data patterns           0
     Number of u missing data patterns           1


COVARIANCE COVERAGE OF DATA

Minimum covariance coverage value   0.100


UNIVARIATE PROPORTIONS AND COUNTS FOR CATEGORICAL VARIABLES

    LIEEXAM
      Category 1    0.893          285.000
      Category 2    0.107           34.000
    LIEPAPER
      Category 1    0.881          281.000
      Category 2    0.119           38.000
    FRAUD
      Category 1    0.934          298.000
      Category 2    0.066           21.000
    COPYEXAM
      Category 1    0.787          251.000
      Category 2    0.213           68.000


RANDOM STARTS RESULTS RANKED FROM THE BEST TO THE WORST LOGLIKELIHOOD VALUES

Final stage loglikelihood values at local maxima, seeds, and initial stage start numbers:

            -440.027  879810           164
            -440.027  944197           198
            -440.027  121924           100
            -440.027  78288            151
            -440.027  387821           13
            -440.027  245639           75
            -440.027  441167           18
            -440.027  737567           93
            -440.027  990072           70
            -440.027  28330            64
            -440.027  936962           66
            -440.027  316783           169
            -440.027  349069           138
            -440.027  853452           158
            -440.027  355607           34
            -440.027  249078           171
            -440.027  168754           92
            -440.027  861614           42
            -440.027  484382           48
            -440.027  74454            6
            -440.027  416525           105
            -440.027  158112           137
            -440.027  773851           90
            -440.027  603587           157
            -440.027  849215           155
            -440.027  112301           127
            -440.027  46912            12
            -440.027  518341           126
            -440.027  350267           43
            -440.027  240130           109
            -440.027  143763           132
            -440.027  490796           23
            -440.027  969423           165
            -440.027  800364           130
            -440.027  192475           179
            -440.027  434647           55
            -440.027  842290           3
            -440.027  957894           174
            -440.027  672775           195
            -440.027  319454           38
            -440.027  8425             84
            -440.027  218371           145
            -440.027  9098             107
            -440.027  175658           189
            -440.027  199881           37
            -440.027  859802           44
            -440.027  123956           119
            -440.027  355486           88
            -440.027  70100            45
            -440.027  24057            51
            -440.027  69535            180
            -440.027  34292            150
            -440.027  70165            87
            -440.027  785219           194
            -440.027  312878           10
            -440.027  869494           106
            -440.027  614072           115
            -440.027  230746           56
            -440.027  441037           122
            -440.027  850779           97
            -440.027  299174           116
            -440.027  366023           102
            -440.027  157123           170
            -440.027  702542           156
            -440.027  404908           33
            -440.027  244138           81
            -440.027  774269           20
            -440.027  908542           32
            -440.027  56255            152
            -440.027  788113           129
            -440.027  245309           125
            -440.027  743005           78
            -440.027  641378           190
            -440.027  278930           4
            -440.027  664114           31
            -440.027  535046           143
            -440.027  989014           113
            -440.027  121445           131
            -440.027  551464           40
            -440.027  349272           16
            -440.027  600292           197
            -440.027  702322           67
            -440.027  959724           187
            -440.027  729426           80
            -440.027  963682           29
            -440.027  314848           46
            -440.027  56178            149
            -440.027  292809           199
            -440.027  232280           166
            -440.027  30501            82
            -440.027  756230           22
            -440.027  327559           53
            -440.027  436024           191
            -440.027  89925            178

6 perturbed starting value run(s) did not converge or were rejected in the third stage.



THE BEST LOGLIKELIHOOD VALUE HAS BEEN REPLICATED.  RERUN WITH AT LEAST TWICE THE
RANDOM STARTS TO CHECK THAT THE BEST LOGLIKELIHOOD IS STILL OBTAINED AND REPLICATED.


THE MODEL ESTIMATION TERMINATED NORMALLY



MODEL FIT INFORMATION

Number of Free Parameters                        9

Loglikelihood

          H0 Value                        -440.027

Information Criteria

          Akaike (AIC)                     898.054
          Bayesian (BIC)                   931.941
          Sample-Size Adjusted BIC         903.395
            (n* = (n + 2) / 24)

Chi-Square Test of Model Fit for the Binary and Ordered Categorical
(Ordinal) Outcomes

          Pearson Chi-Square

          Value                              8.323
          Degrees of Freedom                     6
          P-Value                           0.2154

          Likelihood Ratio Chi-Square

          Value                              7.764
          Degrees of Freedom                     6
          P-Value                           0.2559



FINAL CLASS COUNTS AND PROPORTIONS FOR THE LATENT CLASSES
BASED ON THE ESTIMATED MODEL

    Latent
   Classes

       1         51.22073          0.16057
       2        267.77927          0.83943


FINAL CLASS COUNTS AND PROPORTIONS FOR THE LATENT CLASSES
BASED ON ESTIMATED POSTERIOR PROBABILITIES

    Latent
   Classes

       1         51.22073          0.16057
       2        267.77927          0.83943


FINAL CLASS COUNTS AND PROPORTIONS FOR THE LATENT CLASSES
BASED ON THEIR MOST LIKELY LATENT CLASS MEMBERSHIP

Class Counts and Proportions

    Latent
   Classes

       1               54          0.16928
       2              265          0.83072


CLASSIFICATION QUALITY

     Entropy                         0.737


Average Latent Class Probabilities for Most Likely Latent Class Membership (Row)
by Latent Class (Column)

           1        2

    1   0.775    0.225
    2   0.035    0.965


Classification Probabilities for the Most Likely Latent Class Membership (Column)
by Latent Class (Row)

           1        2

    1   0.818    0.182
    2   0.045    0.955


Logits for the Classification Probabilities for the Most Likely Latent Class Membership (Column)
by Latent Class (Row)

              1        2

    1      1.500    0.000
    2     -3.049    0.000


MODEL RESULTS

                                                    Two-Tailed
                    Estimate       S.E.  Est./S.E.    P-Value

Latent Class 1

 Thresholds
    LIEEXAM$1         -0.310      3.798     -0.082      0.935
    LIEPAPER$1        -0.360      3.537     -0.102      0.919
    FRAUD$1            1.289      1.140      1.131      0.258
    COPYEXAM$1         0.505      0.685      0.737      0.461

Latent Class 2

 Thresholds
    LIEEXAM$1          4.081      5.210      0.783      0.434
    LIEPAPER$1         3.503      4.520      0.775      0.438
    FRAUD$1            3.256      1.869      1.742      0.081
    COPYEXAM$1         1.503      0.185      8.143      0.000

Categorical Latent Variables

 Means
    C#1               -1.654      0.447     -3.700      0.000

New/Additional Parameters
    P1                 0.161      0.056      2.879      0.004
    P2                 0.839      0.056     15.050      0.000


RESULTS IN PROBABILITY SCALE

                                                    Two-Tailed
                    Estimate       S.E.  Est./S.E.    P-Value

Latent Class 1

 LIEEXAM
    Category 1         0.423      0.175      2.413      0.016
    Category 2         0.577      0.175      3.291      0.001
 LIEPAPER
    Category 1         0.411      0.162      2.544      0.011
    Category 2         0.589      0.162      3.647      0.000
 FRAUD
    Category 1         0.784      0.093      8.436      0.000
    Category 2         0.216      0.093      2.325      0.020
 COPYEXAM
    Category 1         0.624      0.108      5.788      0.000
    Category 2         0.376      0.108      3.493      0.000

Latent Class 2

 LIEEXAM
    Category 1         0.983      0.020     49.990      0.000
    Category 2         0.017      0.020      0.845      0.398
 LIEPAPER
    Category 1         0.971      0.024     40.158      0.000
    Category 2         0.029      0.024      1.209      0.227
 FRAUD
    Category 1         0.963      0.016     59.949      0.000
    Category 2         0.037      0.016      2.310      0.021
 COPYEXAM
    Category 1         0.818      0.027     30.841      0.000
    Category 2         0.182      0.027      6.860      0.000


CONFIDENCE INTERVALS OF MODEL RESULTS

                  Lower .5%  Lower 2.5%    Lower 5%    Estimate    Upper 5%  Upper 2.5%   Upper .5%

Latent Class 1

 Thresholds
    LIEEXAM$1      -15.000     -15.000     -15.000      -0.310       0.496       0.648       0.961
    LIEPAPER$1     -15.000     -15.000      -2.193      -0.360       0.487       0.660       0.932
    FRAUD$1          0.022       0.396       0.536       1.289       2.223       2.436       3.434
    COPYEXAM$1      -0.871      -0.338      -0.209       0.505       1.299       1.459       1.833

Latent Class 2

 Thresholds
    LIEEXAM$1        2.488       2.701       2.815       4.081      15.000      15.000      15.000
    LIEPAPER$1       2.253       2.470       2.590       3.503      15.000      15.000      15.000
    FRAUD$1          2.461       2.646       2.717       3.256       4.823       7.281      15.000
    COPYEXAM$1       1.068       1.181       1.229       1.503       1.818       1.882       2.088

Categorical Latent Variables

 Means
    C#1             -2.813      -2.495      -2.320      -1.654      -0.966      -0.890      -0.715

New/Additional Parameters
    P1               0.057       0.076       0.089       0.161       0.276       0.291       0.329
    P2               0.631       0.704       0.723       0.839       0.910       0.923       0.943


CONFIDENCE INTERVALS IN PROBABILITY SCALE

Latent Class 1

 LIEEXAM
    Category 1       0.000       0.000       0.000       0.423       0.621       0.657       0.723
    Category 2       0.267       0.341       0.372       0.577       1.000       1.000       1.000
 LIEPAPER
    Category 1       0.000       0.000       0.100       0.411       0.619       0.659       0.717
    Category 2       0.278       0.339       0.380       0.589       0.895       1.000       1.000
 FRAUD
    Category 1       0.506       0.598       0.631       0.784       0.902       0.920       0.969
    Category 2       0.000       0.080       0.098       0.216       0.369       0.401       0.485
 COPYEXAM
    Category 1       0.295       0.416       0.448       0.624       0.786       0.811       0.862
    Category 2       0.117       0.188       0.214       0.376       0.552       0.584       0.648

Latent Class 2

 LIEEXAM
    Category 1       0.923       0.937       0.943       0.983       1.000       1.000       1.000
    Category 2       0.000       0.000       0.000       0.017       0.056       0.063       0.073
 LIEPAPER
    Category 1       0.905       0.922       0.930       0.971       1.000       1.000       1.000
    Category 2       0.000       0.000       0.000       0.029       0.070       0.078       0.093
 FRAUD
    Category 1       0.921       0.934       0.938       0.963       0.992       0.999       1.000
    Category 2       0.000       0.001       0.008       0.037       0.061       0.066       0.077
 COPYEXAM
    Category 1       0.744       0.765       0.774       0.818       0.860       0.868       0.890
    Category 2       0.104       0.132       0.140       0.182       0.226       0.234       0.254


     Beginning Time:  19:43:47
        Ending Time:  19:44:15
       Elapsed Time:  00:00:28



MUTHEN & MUTHEN
3463 Stoner Ave.
Los Angeles, CA  90066

Tel: (310) 391-9971
Fax: (310) 391-8971
Web: www.StatModel.com
Support: Support@StatModel.com

Copyright (c) 1998-2022 Muthen & Muthen
